2026-01-15 05:09:48 +0000  Initial pipeline context: <IDEDistributionProcessingPipelineContext: 0xb8f27a400; archive(resolved)="<IDEArchive: 0xb8f947a30>", distributionTask(resolved)="2", distributionDestination(resolved)="1", distributionMethod(resolved)="<IDEDistributionMethodDevelopmentSigned: 0xb9e382540>", team(resolved)="<IDEProvisioningDisambiguatableBasicTeam: 0xbc24b5140; teamID='Y2S8G62B78', teamName='Muhammad Abdul Rehman', teamType='Individual', username='abdulrehman172@icloud.com', isFreeProvisioningTeam='0'>">
	Chain (16, self inclusive):
	<IDEDistributionProcessingPipelineContext: 0xb8f27a400; archive = "<IDEArchive: 0xb8f947a30>", distributionMethod="<IDEDistributionMethodDevelopmentSigned: 0xb9e382540>", team="<IDEProvisioningDisambiguatableBasicTeam: 0xbc24b5140; teamID='Y2S8G62B78', teamName='Muhammad Abdul Rehman', teamType='Individual', username='abdulrehman172@icloud.com', isFreeProvisioningTeam='0'>">
	<IDEDistributionProcessingPipelineContext: 0xb8f27a100; archive = "<IDEArchive: 0xb8f947a30>", distributionMethod="<IDEDistributionMethodDevelopmentSigned: 0xb9e382540>", team="<IDEProvisioningDisambiguatableBasicTeam: 0xbc24b5140; teamID='Y2S8G62B78', teamName='Muhammad Abdul Rehman', teamType='Individual', username='abdulrehman172@icloud.com', isFreeProvisioningTeam='0'>">
	<IDEDistributionContext: 0xbd50ed400; archive = "<IDEArchive: 0xb8f947a30>", distributionMethod="<IDEDistributionMethodDevelopmentSigned: 0xb9e382540>", team="<IDEProvisioningDisambiguatableBasicTeam: 0xbc24b5140; teamID='Y2S8G62B78', teamName='Muhammad Abdul Rehman', teamType='Individual', username='abdulrehman172@icloud.com', isFreeProvisioningTeam='0'>">
	<IDEDistributionContext: 0xbd50eea80; archive = "<IDEArchive: 0xb8f947a30>", distributionMethod="<IDEDistributionMethodDevelopmentSigned: 0xb9e382540>", team="<IDEProvisioningDisambiguatableBasicTeam: 0xbc24b5140; teamID='Y2S8G62B78', teamName='Muhammad Abdul Rehman', teamType='Individual', username='abdulrehman172@icloud.com', isFreeProvisioningTeam='0'>">
	<IDEDistributionContext: 0xbd50eed00; archive = "<IDEArchive: 0xb8f947a30>", distributionMethod="<IDEDistributionMethodDevelopmentSigned: 0xb9e382540>", team="<IDEProvisioningDisambiguatableBasicTeam: 0xbc24b5140; teamID='Y2S8G62B78', teamName='Muhammad Abdul Rehman', teamType='Individual', username='abdulrehman172@icloud.com', isFreeProvisioningTeam='0'>">
	<IDEDistributionContext: 0xbd50ee800; archive = "<IDEArchive: 0xb8f947a30>", distributionMethod="<IDEDistributionMethodDevelopmentSigned: 0xb9e382540>", team="<IDEProvisioningDisambiguatableBasicTeam: 0xbc24b5140; teamID='Y2S8G62B78', teamName='Muhammad Abdul Rehman', teamType='Individual', username='abdulrehman172@icloud.com', isFreeProvisioningTeam='0'>">
	<IDEDistributionContext: 0xbd50ee580; archive = "<IDEArchive: 0xb8f947a30>", distributionMethod="<IDEDistributionMethodDevelopmentSigned: 0xb9e382540>", team="<IDEProvisioningDisambiguatableBasicTeam: 0xbc24b5140; teamID='Y2S8G62B78', teamName='Muhammad Abdul Rehman', teamType='Individual', username='abdulrehman172@icloud.com', isFreeProvisioningTeam='0'>">
	<IDEDistributionContext: 0xbd50ef980; archive = "<IDEArchive: 0xb8f947a30>", distributionMethod="<IDEDistributionMethodDevelopmentSigned: 0xb9e382540>", team="<IDEProvisioningDisambiguatableBasicTeam: 0xbc24b5140; teamID='Y2S8G62B78', teamName='Muhammad Abdul Rehman', teamType='Individual', username='abdulrehman172@icloud.com', isFreeProvisioningTeam='0'>">
	<IDEDistributionContext: 0xbd50ef700; archive = "<IDEArchive: 0xb8f947a30>", distributionMethod="<IDEDistributionMethodDevelopmentSigned: 0xb9e382540>", team="<IDEProvisioningDisambiguatableBasicTeam: 0xbc24b5140; teamID='Y2S8G62B78', teamName='Muhammad Abdul Rehman', teamType='Individual', username='abdulrehman172@icloud.com', isFreeProvisioningTeam='0'>">
	<IDEDistributionContext: 0xbd50ef480; archive = "<IDEArchive: 0xb8f947a30>", distributionMethod="<IDEDistributionMethodDevelopmentSigned: 0xb9e382540>", team="(null)">
	<IDEDistributionContext: 0xbd50ec000; archive = "<IDEArchive: 0xb8f947a30>", distributionMethod="<IDEDistributionMethodDevelopmentSigned: 0xb9e382540>", team="(null)">
	<IDEDistributionContext: 0xbd50edb80; archive = "<IDEArchive: 0xb8f947a30>", distributionMethod="<IDEDistributionMethodDevelopmentSigned: 0xb9e382540>", team="(null)">
	<IDEDistributionContext: 0xbd50ed900; archive = "<IDEArchive: 0xb8f947a30>", distributionMethod="<IDEDistributionMethodDevelopmentSigned: 0xb9e382540>", team="(null)">
	<IDEDistributionContext: 0xbd50ede00; archive = "<IDEArchive: 0xb8f947a30>", distributionMethod="(null)", team="(null)">
	<IDEDistributionContext: 0xbd50d8280; archive = "<IDEArchive: 0xb8f947a30>", distributionMethod="(null)", team="(null)">
	<IDEDistributionContext: 0xbd50d8780; archive = "<IDEArchive: 0xb8f947a30>", distributionMethod="(null)", team="(null)">
</IDEDistributionProcessingPipelineContext: 0xb8f27a400>
2026-01-15 05:09:48 +0000  Processing step: IDEDistributionCreateDestRootStep
2026-01-15 05:09:48 +0000  Processing step: IDEDistributionCopyItemStep
2026-01-15 05:09:48 +0000  Running /usr/bin/ditto '-V' '/Users/abdulrehman/Library/Developer/Xcode/Archives/2026-01-15/FatimaMill 15-01-2026, 10.09 AM.xcarchive/Products/Applications/FatimaMill.app' '/var/folders/k6/6z8ghj314nq6l56zfqgckfs80000gn/T/XcodeDistPipeline.~~~c2bEFl/Root/Payload/FatimaMill.app'
2026-01-15 05:09:48 +0000  >>> Copying /Users/abdulrehman/Library/Developer/Xcode/Archives/2026-01-15/FatimaMill 15-01-2026, 10.09 AM.xcarchive/Products/Applications/FatimaMill.app 
2026-01-15 05:09:48 +0000  copying file ./_CodeSignature/CodeResources ... 
2026-01-15 05:09:48 +0000  19095 bytes for ./_CodeSignature/CodeResources
2026-01-15 05:09:48 +0000  copying file ./Fontisto.ttf ... 
2026-01-15 05:09:48 +0000  313528 bytes for ./Fontisto.ttf
2026-01-15 05:09:48 +0000  copying file ./Octicons.ttf ... 
2026-01-15 05:09:48 +0000  49404 bytes for ./Octicons.ttf
2026-01-15 05:09:48 +0000  copying file ./FatimaMill ... 
2026-01-15 05:09:48 +0000  9582016 bytes for ./FatimaMill
2026-01-15 05:09:48 +0000  copying file ./Feather.ttf ... 
2026-01-15 05:09:48 +0000  56228 bytes for ./Feather.ttf
2026-01-15 05:09:48 +0000  copying file ./FontAwesome6_Regular.ttf ... 
2026-01-15 05:09:48 +0000  67976 bytes for ./FontAwesome6_Regular.ttf
2026-01-15 05:09:48 +0000  copying file ./Entypo.ttf ... 
2026-01-15 05:09:48 +0000  66200 bytes for ./Entypo.ttf
2026-01-15 05:09:48 +0000  copying file ./LottiePrivacyInfo.bundle/PrivacyInfo.xcprivacy ... 
2026-01-15 05:09:48 +0000  599 bytes for ./LottiePrivacyInfo.bundle/PrivacyInfo.xcprivacy
2026-01-15 05:09:48 +0000  copying file ./LottiePrivacyInfo.bundle/Info.plist ... 
2026-01-15 05:09:48 +0000  779 bytes for ./LottiePrivacyInfo.bundle/Info.plist
2026-01-15 05:09:48 +0000  copying file ./FontAwesome5_Brands.ttf ... 
2026-01-15 05:09:48 +0000  134040 bytes for ./FontAwesome5_Brands.ttf
2026-01-15 05:09:48 +0000  copying file ./MaterialCommunityIcons.ttf ... 
2026-01-15 05:09:48 +0000  1147844 bytes for ./MaterialCommunityIcons.ttf
2026-01-15 05:09:48 +0000  copying file ./glog_privacy.bundle/Info.plist ... 
2026-01-15 05:09:48 +0000  767 bytes for ./glog_privacy.bundle/Info.plist
2026-01-15 05:09:48 +0000  copying file ./AppIcon60x60@2x.png ... 
2026-01-15 05:09:48 +0000  16505 bytes for ./AppIcon60x60@2x.png
2026-01-15 05:09:48 +0000  copying file ./AntDesign.ttf ... 
2026-01-15 05:09:48 +0000  70344 bytes for ./AntDesign.ttf
2026-01-15 05:09:48 +0000  copying file ./Lottie_React_Native_Privacy.bundle/PrivacyInfo.xcprivacy ... 
2026-01-15 05:09:48 +0000  373 bytes for ./Lottie_React_Native_Privacy.bundle/PrivacyInfo.xcprivacy
2026-01-15 05:09:48 +0000  copying file ./Lottie_React_Native_Privacy.bundle/Info.plist ... 
2026-01-15 05:09:48 +0000  799 bytes for ./Lottie_React_Native_Privacy.bundle/Info.plist
2026-01-15 05:09:48 +0000  copying file ./Foundation.ttf ... 
2026-01-15 05:09:48 +0000  56976 bytes for ./Foundation.ttf
2026-01-15 05:09:48 +0000  copying file ./Ionicons.ttf ... 
2026-01-15 05:09:48 +0000  442604 bytes for ./Ionicons.ttf
2026-01-15 05:09:48 +0000  copying file ./FontAwesome5_Solid.ttf ... 
2026-01-15 05:09:48 +0000  202744 bytes for ./FontAwesome5_Solid.ttf
2026-01-15 05:09:48 +0000  copying file ./FontAwesome5_Regular.ttf ... 
2026-01-15 05:09:48 +0000  33736 bytes for ./FontAwesome5_Regular.ttf
2026-01-15 05:09:48 +0000  copying file ./React-cxxreact_privacy.bundle/PrivacyInfo.xcprivacy ... 
2026-01-15 05:09:48 +0000  552 bytes for ./React-cxxreact_privacy.bundle/PrivacyInfo.xcprivacy
2026-01-15 05:09:48 +0000  copying file ./React-cxxreact_privacy.bundle/Info.plist ... 
2026-01-15 05:09:48 +0000  790 bytes for ./React-cxxreact_privacy.bundle/Info.plist
2026-01-15 05:09:48 +0000  copying file ./FontAwesome.ttf ... 
2026-01-15 05:09:48 +0000  165548 bytes for ./FontAwesome.ttf
2026-01-15 05:09:48 +0000  copying file ./Zocial.ttf ... 
2026-01-15 05:09:48 +0000  25788 bytes for ./Zocial.ttf
2026-01-15 05:09:48 +0000  copying file ./RCT-Folly_privacy.bundle/Info.plist ... 
2026-01-15 05:09:48 +0000  784 bytes for ./RCT-Folly_privacy.bundle/Info.plist
2026-01-15 05:09:48 +0000  copying file ./Assets.car ... 
2026-01-15 05:09:48 +0000  932136 bytes for ./Assets.car
2026-01-15 05:09:48 +0000  copying file ./EvilIcons.ttf ... 
2026-01-15 05:09:48 +0000  13456 bytes for ./EvilIcons.ttf
2026-01-15 05:09:48 +0000  copying file ./main.jsbundle ... 
2026-01-15 05:09:48 +0000  3424369 bytes for ./main.jsbundle
2026-01-15 05:09:48 +0000  copying file ./FontAwesome6_Solid.ttf ... 
2026-01-15 05:09:48 +0000  423676 bytes for ./FontAwesome6_Solid.ttf
2026-01-15 05:09:48 +0000  copying file ./PrivacyInfo.xcprivacy ... 
2026-01-15 05:09:48 +0000  408 bytes for ./PrivacyInfo.xcprivacy
2026-01-15 05:09:48 +0000  copying file ./LaunchScreen.storyboardc/01J-lp-oVM-view-Ze5-6b-2t3.nib ... 
2026-01-15 05:09:48 +0000  3818 bytes for ./LaunchScreen.storyboardc/01J-lp-oVM-view-Ze5-6b-2t3.nib
2026-01-15 05:09:48 +0000  copying file ./LaunchScreen.storyboardc/UIViewController-01J-lp-oVM.nib ... 
2026-01-15 05:09:48 +0000  924 bytes for ./LaunchScreen.storyboardc/UIViewController-01J-lp-oVM.nib
2026-01-15 05:09:48 +0000  copying file ./LaunchScreen.storyboardc/Info.plist ... 
2026-01-15 05:09:48 +0000  258 bytes for ./LaunchScreen.storyboardc/Info.plist
2026-01-15 05:09:48 +0000  copying file ./RNSVGFilters.bundle/RNSVGArithmeticFilter.iphoneos.metallib ... 
2026-01-15 05:09:48 +0000  3993 bytes for ./RNSVGFilters.bundle/RNSVGArithmeticFilter.iphoneos.metallib
2026-01-15 05:09:48 +0000  copying file ./RNSVGFilters.bundle/RNSVGCompositeXor.iphoneos.metallib ... 
2026-01-15 05:09:48 +0000  3509 bytes for ./RNSVGFilters.bundle/RNSVGCompositeXor.iphoneos.metallib
2026-01-15 05:09:48 +0000  copying file ./RNSVGFilters.bundle/Info.plist ... 
2026-01-15 05:09:48 +0000  769 bytes for ./RNSVGFilters.bundle/Info.plist
2026-01-15 05:09:48 +0000  copying file ./boost_privacy.bundle/Info.plist ... 
2026-01-15 05:09:48 +0000  770 bytes for ./boost_privacy.bundle/Info.plist
2026-01-15 05:09:48 +0000  copying file ./SimpleLineIcons.ttf ... 
2026-01-15 05:09:48 +0000  54056 bytes for ./SimpleLineIcons.ttf
2026-01-15 05:09:48 +0000  copying file ./FontAwesome6_Brands.ttf ... 
2026-01-15 05:09:48 +0000  209376 bytes for ./FontAwesome6_Brands.ttf
2026-01-15 05:09:48 +0000  copying file ./embedded.mobileprovision ... 
2026-01-15 05:09:48 +0000  12232 bytes for ./embedded.mobileprovision
2026-01-15 05:09:48 +0000  copying file ./assets/node_modules/@react-navigation/elements/lib/module/assets/back-icon@3x.png ... 
2026-01-15 05:09:48 +0000  761 bytes for ./assets/node_modules/@react-navigation/elements/lib/module/assets/back-icon@3x.png
2026-01-15 05:09:48 +0000  copying file ./assets/node_modules/@react-navigation/elements/lib/module/assets/back-icon@2x.png ... 
2026-01-15 05:09:48 +0000  405 bytes for ./assets/node_modules/@react-navigation/elements/lib/module/assets/back-icon@2x.png
2026-01-15 05:09:48 +0000  copying file ./assets/node_modules/@react-navigation/elements/lib/module/assets/search-icon@2x.png ... 
2026-01-15 05:09:48 +0000  589 bytes for ./assets/node_modules/@react-navigation/elements/lib/module/assets/search-icon@2x.png
2026-01-15 05:09:48 +0000  copying file ./assets/node_modules/@react-navigation/elements/lib/module/assets/clear-icon@3x.png ... 
2026-01-15 05:09:48 +0000  502 bytes for ./assets/node_modules/@react-navigation/elements/lib/module/assets/clear-icon@3x.png
2026-01-15 05:09:48 +0000  copying file ./assets/node_modules/@react-navigation/elements/lib/module/assets/back-icon.png ... 
2026-01-15 05:09:48 +0000  290 bytes for ./assets/node_modules/@react-navigation/elements/lib/module/assets/back-icon.png
2026-01-15 05:09:48 +0000  copying file ./assets/node_modules/@react-navigation/elements/lib/module/assets/clear-icon@2x.png ... 
2026-01-15 05:09:48 +0000  334 bytes for ./assets/node_modules/@react-navigation/elements/lib/module/assets/clear-icon@2x.png
2026-01-15 05:09:48 +0000  copying file ./assets/node_modules/@react-navigation/elements/lib/module/assets/search-icon@3x.png ... 
2026-01-15 05:09:48 +0000  839 bytes for ./assets/node_modules/@react-navigation/elements/lib/module/assets/search-icon@3x.png
2026-01-15 05:09:48 +0000  copying file ./assets/node_modules/@react-navigation/elements/lib/module/assets/close-icon.png ... 
2026-01-15 05:09:48 +0000  141 bytes for ./assets/node_modules/@react-navigation/elements/lib/module/assets/close-icon.png
2026-01-15 05:09:48 +0000  copying file ./assets/node_modules/@react-navigation/elements/lib/module/assets/back-icon-mask.png ... 
2026-01-15 05:09:48 +0000  653 bytes for ./assets/node_modules/@react-navigation/elements/lib/module/assets/back-icon-mask.png
2026-01-15 05:09:48 +0000  copying file ./assets/node_modules/@react-navigation/elements/lib/module/assets/close-icon@2x.png ... 
2026-01-15 05:09:48 +0000  201 bytes for ./assets/node_modules/@react-navigation/elements/lib/module/assets/close-icon@2x.png
2026-01-15 05:09:48 +0000  copying file ./assets/node_modules/@react-navigation/elements/lib/module/assets/close-icon@3x.png ... 
2026-01-15 05:09:48 +0000  266 bytes for ./assets/node_modules/@react-navigation/elements/lib/module/assets/close-icon@3x.png
2026-01-15 05:09:48 +0000  copying file ./assets/node_modules/@react-navigation/elements/lib/module/assets/clear-icon.png ... 
2026-01-15 05:09:48 +0000  220 bytes for ./assets/node_modules/@react-navigation/elements/lib/module/assets/clear-icon.png
2026-01-15 05:09:48 +0000  copying file ./assets/node_modules/@react-navigation/elements/lib/module/assets/search-icon.png ... 
2026-01-15 05:09:48 +0000  317 bytes for ./assets/node_modules/@react-navigation/elements/lib/module/assets/search-icon.png
2026-01-15 05:09:48 +0000  copying file ./assets/node_modules/react-native-element-dropdown/src/assets/down.png ... 
2026-01-15 05:09:48 +0000  186 bytes for ./assets/node_modules/react-native-element-dropdown/src/assets/down.png
2026-01-15 05:09:48 +0000  copying file ./assets/node_modules/react-native-element-dropdown/src/assets/close.png ... 
2026-01-15 05:09:48 +0000  208 bytes for ./assets/node_modules/react-native-element-dropdown/src/assets/close.png
2026-01-15 05:09:48 +0000  copying file ./assets/src/assets/images/warning.png ... 
2026-01-15 05:09:48 +0000  2137 bytes for ./assets/src/assets/images/warning.png
2026-01-15 05:09:48 +0000  copying file ./assets/src/assets/images/speak.png ... 
2026-01-15 05:09:48 +0000  1610 bytes for ./assets/src/assets/images/speak.png
2026-01-15 05:09:48 +0000  copying file ./assets/src/assets/images/buildings.png ... 
2026-01-15 05:09:48 +0000  4858 bytes for ./assets/src/assets/images/buildings.png
2026-01-15 05:09:48 +0000  copying file ./assets/src/assets/images/delivery.png ... 
2026-01-15 05:09:48 +0000  1557 bytes for ./assets/src/assets/images/delivery.png
2026-01-15 05:09:48 +0000  copying file ./assets/src/assets/images/bird.png ... 
2026-01-15 05:09:48 +0000  3047 bytes for ./assets/src/assets/images/bird.png
2026-01-15 05:09:48 +0000  copying file ./assets/src/assets/images/building.png ... 
2026-01-15 05:09:48 +0000  5822 bytes for ./assets/src/assets/images/building.png
2026-01-15 05:09:48 +0000  copying file ./Info.plist ... 
2026-01-15 05:09:48 +0000  1768 bytes for ./Info.plist
2026-01-15 05:09:48 +0000  copying file ./RNCAsyncStorage_resources.bundle/PrivacyInfo.xcprivacy ... 
2026-01-15 05:09:48 +0000  512 bytes for ./RNCAsyncStorage_resources.bundle/PrivacyInfo.xcprivacy
2026-01-15 05:09:48 +0000  copying file ./RNCAsyncStorage_resources.bundle/Info.plist ... 
2026-01-15 05:09:48 +0000  795 bytes for ./RNCAsyncStorage_resources.bundle/Info.plist
2026-01-15 05:09:48 +0000  copying file ./PkgInfo ... 
2026-01-15 05:09:48 +0000  8 bytes for ./PkgInfo
2026-01-15 05:09:48 +0000  copying file ./MaterialIcons.ttf ... 
2026-01-15 05:09:48 +0000  356840 bytes for ./MaterialIcons.ttf
2026-01-15 05:09:48 +0000  copying file ./React-Core_privacy.bundle/PrivacyInfo.xcprivacy ... 
2026-01-15 05:09:48 +0000  768 bytes for ./React-Core_privacy.bundle/PrivacyInfo.xcprivacy
2026-01-15 05:09:48 +0000  copying file ./React-Core_privacy.bundle/Info.plist ... 
2026-01-15 05:09:48 +0000  782 bytes for ./React-Core_privacy.bundle/Info.plist
2026-01-15 05:09:48 +0000  /usr/bin/ditto exited with 0
2026-01-15 05:09:48 +0000  Processing step: IDEDistributionEmbedProfileStep
2026-01-15 05:09:48 +0000  Processing step: IDEDistributionInfoPlistStep
2026-01-15 05:09:48 +0000  Skipping step: IDEDistributionInfoPlistStep because it said so
2026-01-15 05:09:48 +0000  Processing step: IDEDistributionAppThinningPlistStep
2026-01-15 05:09:48 +0000  Skipping step: IDEDistributionAppThinningPlistStep because it said so
2026-01-15 05:09:48 +0000  Processing step: IDEDistributionSymbolsStep
2026-01-15 05:09:48 +0000  Skipping step: IDEDistributionSymbolsStep because it said so
2026-01-15 05:09:48 +0000  Processing step: IDEDistributionAppThinningStep
2026-01-15 05:09:48 +0000  Skipping step: IDEDistributionAppThinningStep because it said so
2026-01-15 05:09:48 +0000  Processing step: IDEDistributionArchThinningStep
2026-01-15 05:09:48 +0000  Archs to thin for item /Users/abdulrehman/Library/Developer/Xcode/Archives/2026-01-15/FatimaMill 15-01-2026, 10.09 AM.xcarchive/Products/Applications/FatimaMill.app are []
2026-01-15 05:09:48 +0000  Processing step: IDEDistributionODRStep
2026-01-15 05:09:48 +0000  Processing step: IDEDistributionStripXattrsStep
2026-01-15 05:09:48 +0000  Skipping stripping extended attributes because the codesign step will strip them.
2026-01-15 05:09:48 +0000  Processing step: IDEDistributionCodesignStep
2026-01-15 05:09:48 +0000  Entitlements for <IDEDistributionItem: 0xbd4f8efa0; bundleID='com.fatimamill.app', path='<DVTFilePath:0xbd22ba400:'/Users/abdulrehman/Library/Developer/Xcode/Archives/2026-01-15/FatimaMill 15-01-2026, 10.09 AM.xcarchive/Products/Applications/FatimaMill.app'>', codeSigningInfo='<_DVTCodeSigningInformation_Path: 0xbd36feb80; isSigned='1', isAdHocSigned='0', signingCertificate='<DVTSigningCertificate: 0xbd4fdd680; name='Apple Development: abdulrehman172@icloud.com (72U76TV7DB)', hash='71F1FAA48A57E6D28CD20082B489756F4CD66A05', serialNumber='33AECB9B375D94DBC8669C2CC52E7E74', certificateKinds='(
    "1.2.840.113635.100.6.1.12",
    "1.2.840.113635.100.6.1.2"
), issueDate='2025-12-27 02:30:11 +0000''>', entitlements='{
    "application-identifier" = "Y2S8G62B78.com.fatimamill.app";
    "com.apple.developer.team-identifier" = Y2S8G62B78;
    "get-task-allow" = 1;
}', teamID='Y2S8G62B78', identifier='com.fatimamill.app', executablePath='<DVTFilePath:0xbd4f6bf60:'/Users/abdulrehman/Library/Developer/Xcode/Archives/2026-01-15/FatimaMill 15-01-2026, 10.09 AM.xcarchive/Products/Applications/FatimaMill.app/FatimaMill'>', hardenedRuntime='0'>'>: {
    "application-identifier" = "Y2S8G62B78.com.fatimamill.app";
    "com.apple.developer.team-identifier" = Y2S8G62B78;
    "get-task-allow" = 1;
}
2026-01-15 05:09:48 +0000  Associated App Clip Identifiers Filter: Skipping because "com.apple.developer.associated-appclip-app-identifiers" is not present
2026-01-15 05:09:48 +0000  Entitlements for <IDEDistributionItem: 0xbd4f8efa0; bundleID='com.fatimamill.app', path='<DVTFilePath:0xbd22ba400:'/Users/abdulrehman/Library/Developer/Xcode/Archives/2026-01-15/FatimaMill 15-01-2026, 10.09 AM.xcarchive/Products/Applications/FatimaMill.app'>', codeSigningInfo='<_DVTCodeSigningInformation_Path: 0xbd36feb80; isSigned='1', isAdHocSigned='0', signingCertificate='<DVTSigningCertificate: 0xbd5044540; name='Apple Development: abdulrehman172@icloud.com (72U76TV7DB)', hash='71F1FAA48A57E6D28CD20082B489756F4CD66A05', serialNumber='33AECB9B375D94DBC8669C2CC52E7E74', certificateKinds='(
    "1.2.840.113635.100.6.1.12",
    "1.2.840.113635.100.6.1.2"
), issueDate='2025-12-27 02:30:11 +0000''>', entitlements='{
    "application-identifier" = "Y2S8G62B78.com.fatimamill.app";
    "com.apple.developer.team-identifier" = Y2S8G62B78;
    "get-task-allow" = 1;
}', teamID='Y2S8G62B78', identifier='com.fatimamill.app', executablePath='<DVTFilePath:0xbd4f6bf60:'/Users/abdulrehman/Library/Developer/Xcode/Archives/2026-01-15/FatimaMill 15-01-2026, 10.09 AM.xcarchive/Products/Applications/FatimaMill.app/FatimaMill'>', hardenedRuntime='0'>'> are: {
    "application-identifier" = "Y2S8G62B78.com.fatimamill.app";
    "com.apple.developer.team-identifier" = Y2S8G62B78;
    "get-task-allow" = 1;
}
2026-01-15 05:09:48 +0000  Writing entitlements for <IDEDistributionItem: 0xbd4f8efa0; bundleID='com.fatimamill.app', path='<DVTFilePath:0xbd22ba400:'/Users/abdulrehman/Library/Developer/Xcode/Archives/2026-01-15/FatimaMill 15-01-2026, 10.09 AM.xcarchive/Products/Applications/FatimaMill.app'>', codeSigningInfo='<_DVTCodeSigningInformation_Path: 0xbd36feb80; isSigned='1', isAdHocSigned='0', signingCertificate='<DVTSigningCertificate: 0xbd5044540; name='Apple Development: abdulrehman172@icloud.com (72U76TV7DB)', hash='71F1FAA48A57E6D28CD20082B489756F4CD66A05', serialNumber='33AECB9B375D94DBC8669C2CC52E7E74', certificateKinds='(
    "1.2.840.113635.100.6.1.12",
    "1.2.840.113635.100.6.1.2"
), issueDate='2025-12-27 02:30:11 +0000''>', entitlements='{
    "application-identifier" = "Y2S8G62B78.com.fatimamill.app";
    "com.apple.developer.team-identifier" = Y2S8G62B78;
    "get-task-allow" = 1;
}', teamID='Y2S8G62B78', identifier='com.fatimamill.app', executablePath='<DVTFilePath:0xbd4f6bf60:'/Users/abdulrehman/Library/Developer/Xcode/Archives/2026-01-15/FatimaMill 15-01-2026, 10.09 AM.xcarchive/Products/Applications/FatimaMill.app/FatimaMill'>', hardenedRuntime='0'>'> to: /var/folders/k6/6z8ghj314nq6l56zfqgckfs80000gn/T/XcodeDistPipeline.~~~c2bEFl/entitlements~~~k2sJ6k
2026-01-15 05:09:48 +0000  invoking codesign: <NSConcreteTask: 0xbd4a24190; launchPath='/usr/bin/codesign', arguments='(
    "-f",
    "-s",
    71F1FAA48A57E6D28CD20082B489756F4CD66A05,
    "--entitlements",
    "/var/folders/k6/6z8ghj314nq6l56zfqgckfs80000gn/T/XcodeDistPipeline.~~~c2bEFl/entitlements~~~k2sJ6k",
    "--preserve-metadata=identifier,flags,runtime,launch-constraints,library-constraints",
    "--generate-entitlement-der",
    "--strip-disallowed-xattrs",
    "-vvv",
    "/var/folders/k6/6z8ghj314nq6l56zfqgckfs80000gn/T/XcodeDistPipeline.~~~c2bEFl/Root/Payload/FatimaMill.app"
)'>
2026-01-15 05:09:48 +0000  codesign output: /var/folders/k6/6z8ghj314nq6l56zfqgckfs80000gn/T/XcodeDistPipeline.~~~c2bEFl/Root/Payload/FatimaMill.app: replacing existing signature
/var/folders/k6/6z8ghj314nq6l56zfqgckfs80000gn/T/XcodeDistPipeline.~~~c2bEFl/Root/Payload/FatimaMill.app: signed app bundle with Mach-O thin (arm64) [com.fatimamill.app]
2026-01-15 05:09:48 +0000  Processing step: IDEDistributionZipODRItemStep
2026-01-15 05:09:48 +0000  Skipping step: IDEDistributionZipODRItemStep because it said so
2026-01-15 05:09:48 +0000  Processing step: IDEDistributionCreateIPAStep
2026-01-15 05:09:48 +0000  Running /usr/bin/ditto '-V' '-c' '-k' '--norsrc' '/var/folders/k6/6z8ghj314nq6l56zfqgckfs80000gn/T/XcodeDistPipeline.~~~c2bEFl/Root' '/var/folders/k6/6z8ghj314nq6l56zfqgckfs80000gn/T/XcodeDistPipeline.~~~c2bEFl/Packages/FatimaMill.ipa'
2026-01-15 05:09:48 +0000  >>> Copying /var/folders/k6/6z8ghj314nq6l56zfqgckfs80000gn/T/XcodeDistPipeline.~~~c2bEFl/Root 
2026-01-15 05:09:48 +0000  copying file ./Payload/FatimaMill.app/_CodeSignature/CodeResources ... 
2026-01-15 05:09:48 +0000  19095 bytes for ./Payload/FatimaMill.app/_CodeSignature/CodeResources
2026-01-15 05:09:48 +0000  copying file ./Payload/FatimaMill.app/Fontisto.ttf ... 
2026-01-15 05:09:48 +0000  313528 bytes for ./Payload/FatimaMill.app/Fontisto.ttf
copying file ./Payload/FatimaMill.app/Octicons.ttf ... 
2026-01-15 05:09:48 +0000  49404 bytes for ./Payload/FatimaMill.app/Octicons.ttf
copying file ./Payload/FatimaMill.app/FatimaMill ... 
2026-01-15 05:09:49 +0000  9582016 bytes for ./Payload/FatimaMill.app/FatimaMill
2026-01-15 05:09:49 +0000  copying file ./Payload/FatimaMill.app/Feather.ttf ... 
2026-01-15 05:09:49 +0000  56228 bytes for ./Payload/FatimaMill.app/Feather.ttf
2026-01-15 05:09:49 +0000  copying file ./Payload/FatimaMill.app/FontAwesome6_Regular.ttf ... 
2026-01-15 05:09:49 +0000  67976 bytes for ./Payload/FatimaMill.app/FontAwesome6_Regular.ttf
2026-01-15 05:09:49 +0000  copying file ./Payload/FatimaMill.app/Entypo.ttf ... 
2026-01-15 05:09:49 +0000  66200 bytes for ./Payload/FatimaMill.app/Entypo.ttf
2026-01-15 05:09:49 +0000  copying file ./Payload/FatimaMill.app/LottiePrivacyInfo.bundle/PrivacyInfo.xcprivacy ... 
2026-01-15 05:09:49 +0000  599 bytes for ./Payload/FatimaMill.app/LottiePrivacyInfo.bundle/PrivacyInfo.xcprivacy
copying file ./Payload/FatimaMill.app/LottiePrivacyInfo.bundle/Info.plist ... 
2026-01-15 05:09:49 +0000  779 bytes for ./Payload/FatimaMill.app/LottiePrivacyInfo.bundle/Info.plist
2026-01-15 05:09:49 +0000  copying file ./Payload/FatimaMill.app/FontAwesome5_Brands.ttf ... 
2026-01-15 05:09:49 +0000  134040 bytes for ./Payload/FatimaMill.app/FontAwesome5_Brands.ttf
2026-01-15 05:09:49 +0000  copying file ./Payload/FatimaMill.app/MaterialCommunityIcons.ttf ... 
2026-01-15 05:09:49 +0000  1147844 bytes for ./Payload/FatimaMill.app/MaterialCommunityIcons.ttf
2026-01-15 05:09:49 +0000  copying file ./Payload/FatimaMill.app/glog_privacy.bundle/Info.plist ... 
767 bytes for ./Payload/FatimaMill.app/glog_privacy.bundle/Info.plist
2026-01-15 05:09:49 +0000  copying file ./Payload/FatimaMill.app/AppIcon60x60@2x.png ... 
2026-01-15 05:09:49 +0000  16505 bytes for ./Payload/FatimaMill.app/AppIcon60x60@2x.png
2026-01-15 05:09:49 +0000  copying file ./Payload/FatimaMill.app/AntDesign.ttf ... 
2026-01-15 05:09:49 +0000  70344 bytes for ./Payload/FatimaMill.app/AntDesign.ttf
2026-01-15 05:09:49 +0000  copying file ./Payload/FatimaMill.app/Lottie_React_Native_Privacy.bundle/PrivacyInfo.xcprivacy ... 
2026-01-15 05:09:49 +0000  373 bytes for ./Payload/FatimaMill.app/Lottie_React_Native_Privacy.bundle/PrivacyInfo.xcprivacy
2026-01-15 05:09:49 +0000  copying file ./Payload/FatimaMill.app/Lottie_React_Native_Privacy.bundle/Info.plist ... 
2026-01-15 05:09:49 +0000  799 bytes for ./Payload/FatimaMill.app/Lottie_React_Native_Privacy.bundle/Info.plist
2026-01-15 05:09:49 +0000  copying file ./Payload/FatimaMill.app/Foundation.ttf ... 
2026-01-15 05:09:49 +0000  56976 bytes for ./Payload/FatimaMill.app/Foundation.ttf
2026-01-15 05:09:49 +0000  copying file ./Payload/FatimaMill.app/Ionicons.ttf ... 
2026-01-15 05:09:49 +0000  442604 bytes for ./Payload/FatimaMill.app/Ionicons.ttf
2026-01-15 05:09:49 +0000  copying file ./Payload/FatimaMill.app/FontAwesome5_Solid.ttf ... 
2026-01-15 05:09:49 +0000  202744 bytes for ./Payload/FatimaMill.app/FontAwesome5_Solid.ttf
2026-01-15 05:09:49 +0000  copying file ./Payload/FatimaMill.app/FontAwesome5_Regular.ttf ... 
2026-01-15 05:09:49 +0000  33736 bytes for ./Payload/FatimaMill.app/FontAwesome5_Regular.ttf
2026-01-15 05:09:49 +0000  copying file ./Payload/FatimaMill.app/React-cxxreact_privacy.bundle/PrivacyInfo.xcprivacy ... 
2026-01-15 05:09:49 +0000  552 bytes for ./Payload/FatimaMill.app/React-cxxreact_privacy.bundle/PrivacyInfo.xcprivacy
copying file ./Payload/FatimaMill.app/React-cxxreact_privacy.bundle/Info.plist ... 
2026-01-15 05:09:49 +0000  790 bytes for ./Payload/FatimaMill.app/React-cxxreact_privacy.bundle/Info.plist
2026-01-15 05:09:49 +0000  copying file ./Payload/FatimaMill.app/FontAwesome.ttf ... 
2026-01-15 05:09:49 +0000  165548 bytes for ./Payload/FatimaMill.app/FontAwesome.ttf
2026-01-15 05:09:49 +0000  copying file ./Payload/FatimaMill.app/Zocial.ttf ... 
2026-01-15 05:09:49 +0000  25788 bytes for ./Payload/FatimaMill.app/Zocial.ttf
2026-01-15 05:09:49 +0000  copying file ./Payload/FatimaMill.app/RCT-Folly_privacy.bundle/Info.plist ... 
2026-01-15 05:09:49 +0000  784 bytes for ./Payload/FatimaMill.app/RCT-Folly_privacy.bundle/Info.plist
2026-01-15 05:09:49 +0000  copying file ./Payload/FatimaMill.app/Assets.car ... 
2026-01-15 05:09:49 +0000  932136 bytes for ./Payload/FatimaMill.app/Assets.car
2026-01-15 05:09:49 +0000  copying file ./Payload/FatimaMill.app/EvilIcons.ttf ... 
2026-01-15 05:09:49 +0000  13456 bytes for ./Payload/FatimaMill.app/EvilIcons.ttf
2026-01-15 05:09:49 +0000  copying file ./Payload/FatimaMill.app/main.jsbundle ... 
2026-01-15 05:09:49 +0000  3424369 bytes for ./Payload/FatimaMill.app/main.jsbundle
2026-01-15 05:09:49 +0000  copying file ./Payload/FatimaMill.app/FontAwesome6_Solid.ttf ... 
2026-01-15 05:09:49 +0000  423676 bytes for ./Payload/FatimaMill.app/FontAwesome6_Solid.ttf
copying file ./Payload/FatimaMill.app/PrivacyInfo.xcprivacy ... 
2026-01-15 05:09:49 +0000  408 bytes for ./Payload/FatimaMill.app/PrivacyInfo.xcprivacy
copying file ./Payload/FatimaMill.app/LaunchScreen.storyboardc/01J-lp-oVM-view-Ze5-6b-2t3.nib ... 
2026-01-15 05:09:49 +0000  3818 bytes for ./Payload/FatimaMill.app/LaunchScreen.storyboardc/01J-lp-oVM-view-Ze5-6b-2t3.nib
copying file ./Payload/FatimaMill.app/LaunchScreen.storyboardc/UIViewController-01J-lp-oVM.nib ... 
2026-01-15 05:09:49 +0000  924 bytes for ./Payload/FatimaMill.app/LaunchScreen.storyboardc/UIViewController-01J-lp-oVM.nib
copying file ./Payload/FatimaMill.app/LaunchScreen.storyboardc/Info.plist ... 
2026-01-15 05:09:49 +0000  258 bytes for ./Payload/FatimaMill.app/LaunchScreen.storyboardc/Info.plist
2026-01-15 05:09:49 +0000  copying file ./Payload/FatimaMill.app/RNSVGFilters.bundle/RNSVGArithmeticFilter.iphoneos.metallib ... 
2026-01-15 05:09:49 +0000  3993 bytes for ./Payload/FatimaMill.app/RNSVGFilters.bundle/RNSVGArithmeticFilter.iphoneos.metallib
copying file ./Payload/FatimaMill.app/RNSVGFilters.bundle/RNSVGCompositeXor.iphoneos.metallib ... 
2026-01-15 05:09:49 +0000  3509 bytes for ./Payload/FatimaMill.app/RNSVGFilters.bundle/RNSVGCompositeXor.iphoneos.metallib
copying file ./Payload/FatimaMill.app/RNSVGFilters.bundle/Info.plist ... 
2026-01-15 05:09:49 +0000  769 bytes for ./Payload/FatimaMill.app/RNSVGFilters.bundle/Info.plist
2026-01-15 05:09:49 +0000  copying file ./Payload/FatimaMill.app/boost_privacy.bundle/Info.plist ... 
2026-01-15 05:09:49 +0000  770 bytes for ./Payload/FatimaMill.app/boost_privacy.bundle/Info.plist
copying file ./Payload/FatimaMill.app/SimpleLineIcons.ttf ... 
2026-01-15 05:09:49 +0000  54056 bytes for ./Payload/FatimaMill.app/SimpleLineIcons.ttf
copying file ./Payload/FatimaMill.app/FontAwesome6_Brands.ttf ... 
2026-01-15 05:09:49 +0000  209376 bytes for ./Payload/FatimaMill.app/FontAwesome6_Brands.ttf
2026-01-15 05:09:49 +0000  copying file ./Payload/FatimaMill.app/embedded.mobileprovision ... 
2026-01-15 05:09:49 +0000  12232 bytes for ./Payload/FatimaMill.app/embedded.mobileprovision
2026-01-15 05:09:49 +0000  copying file ./Payload/FatimaMill.app/assets/node_modules/@react-navigation/elements/lib/module/assets/back-icon@3x.png ... 
2026-01-15 05:09:49 +0000  761 bytes for ./Payload/FatimaMill.app/assets/node_modules/@react-navigation/elements/lib/module/assets/back-icon@3x.png
2026-01-15 05:09:49 +0000  copying file ./Payload/FatimaMill.app/assets/node_modules/@react-navigation/elements/lib/module/assets/back-icon@2x.png ... 
2026-01-15 05:09:49 +0000  405 bytes for ./Payload/FatimaMill.app/assets/node_modules/@react-navigation/elements/lib/module/assets/back-icon@2x.png
2026-01-15 05:09:49 +0000  copying file ./Payload/FatimaMill.app/assets/node_modules/@react-navigation/elements/lib/module/assets/search-icon@2x.png ... 
2026-01-15 05:09:49 +0000  589 bytes for ./Payload/FatimaMill.app/assets/node_modules/@react-navigation/elements/lib/module/assets/search-icon@2x.png
2026-01-15 05:09:49 +0000  copying file ./Payload/FatimaMill.app/assets/node_modules/@react-navigation/elements/lib/module/assets/clear-icon@3x.png ... 
2026-01-15 05:09:49 +0000  502 bytes for ./Payload/FatimaMill.app/assets/node_modules/@react-navigation/elements/lib/module/assets/clear-icon@3x.png
copying file ./Payload/FatimaMill.app/assets/node_modules/@react-navigation/elements/lib/module/assets/back-icon.png ... 
2026-01-15 05:09:49 +0000  290 bytes for ./Payload/FatimaMill.app/assets/node_modules/@react-navigation/elements/lib/module/assets/back-icon.png
copying file ./Payload/FatimaMill.app/assets/node_modules/@react-navigation/elements/lib/module/assets/clear-icon@2x.png ... 
2026-01-15 05:09:49 +0000  334 bytes for ./Payload/FatimaMill.app/assets/node_modules/@react-navigation/elements/lib/module/assets/clear-icon@2x.png
2026-01-15 05:09:49 +0000  copying file ./Payload/FatimaMill.app/assets/node_modules/@react-navigation/elements/lib/module/assets/search-icon@3x.png ... 
2026-01-15 05:09:49 +0000  839 bytes for ./Payload/FatimaMill.app/assets/node_modules/@react-navigation/elements/lib/module/assets/search-icon@3x.png
2026-01-15 05:09:49 +0000  copying file ./Payload/FatimaMill.app/assets/node_modules/@react-navigation/elements/lib/module/assets/close-icon.png ... 
2026-01-15 05:09:49 +0000  141 bytes for ./Payload/FatimaMill.app/assets/node_modules/@react-navigation/elements/lib/module/assets/close-icon.png
2026-01-15 05:09:49 +0000  copying file ./Payload/FatimaMill.app/assets/node_modules/@react-navigation/elements/lib/module/assets/back-icon-mask.png ... 
2026-01-15 05:09:49 +0000  653 bytes for ./Payload/FatimaMill.app/assets/node_modules/@react-navigation/elements/lib/module/assets/back-icon-mask.png
2026-01-15 05:09:49 +0000  copying file ./Payload/FatimaMill.app/assets/node_modules/@react-navigation/elements/lib/module/assets/close-icon@2x.png ... 
2026-01-15 05:09:49 +0000  201 bytes for ./Payload/FatimaMill.app/assets/node_modules/@react-navigation/elements/lib/module/assets/close-icon@2x.png
2026-01-15 05:09:49 +0000  copying file ./Payload/FatimaMill.app/assets/node_modules/@react-navigation/elements/lib/module/assets/close-icon@3x.png ... 
2026-01-15 05:09:49 +0000  266 bytes for ./Payload/FatimaMill.app/assets/node_modules/@react-navigation/elements/lib/module/assets/close-icon@3x.png
2026-01-15 05:09:49 +0000  copying file ./Payload/FatimaMill.app/assets/node_modules/@react-navigation/elements/lib/module/assets/clear-icon.png ... 
2026-01-15 05:09:49 +0000  220 bytes for ./Payload/FatimaMill.app/assets/node_modules/@react-navigation/elements/lib/module/assets/clear-icon.png
2026-01-15 05:09:49 +0000  copying file ./Payload/FatimaMill.app/assets/node_modules/@react-navigation/elements/lib/module/assets/search-icon.png ... 
2026-01-15 05:09:49 +0000  317 bytes for ./Payload/FatimaMill.app/assets/node_modules/@react-navigation/elements/lib/module/assets/search-icon.png
2026-01-15 05:09:49 +0000  copying file ./Payload/FatimaMill.app/assets/node_modules/react-native-element-dropdown/src/assets/down.png ... 
2026-01-15 05:09:49 +0000  186 bytes for ./Payload/FatimaMill.app/assets/node_modules/react-native-element-dropdown/src/assets/down.png
2026-01-15 05:09:49 +0000  copying file ./Payload/FatimaMill.app/assets/node_modules/react-native-element-dropdown/src/assets/close.png ... 
2026-01-15 05:09:49 +0000  208 bytes for ./Payload/FatimaMill.app/assets/node_modules/react-native-element-dropdown/src/assets/close.png
2026-01-15 05:09:49 +0000  copying file ./Payload/FatimaMill.app/assets/src/assets/images/warning.png ... 
2026-01-15 05:09:49 +0000  2137 bytes for ./Payload/FatimaMill.app/assets/src/assets/images/warning.png
2026-01-15 05:09:49 +0000  copying file ./Payload/FatimaMill.app/assets/src/assets/images/speak.png ... 
2026-01-15 05:09:49 +0000  1610 bytes for ./Payload/FatimaMill.app/assets/src/assets/images/speak.png
2026-01-15 05:09:49 +0000  copying file ./Payload/FatimaMill.app/assets/src/assets/images/buildings.png ... 
2026-01-15 05:09:49 +0000  4858 bytes for ./Payload/FatimaMill.app/assets/src/assets/images/buildings.png
2026-01-15 05:09:49 +0000  copying file ./Payload/FatimaMill.app/assets/src/assets/images/delivery.png ... 
2026-01-15 05:09:49 +0000  1557 bytes for ./Payload/FatimaMill.app/assets/src/assets/images/delivery.png
2026-01-15 05:09:49 +0000  copying file ./Payload/FatimaMill.app/assets/src/assets/images/bird.png ... 
2026-01-15 05:09:49 +0000  3047 bytes for ./Payload/FatimaMill.app/assets/src/assets/images/bird.png
2026-01-15 05:09:49 +0000  copying file ./Payload/FatimaMill.app/assets/src/assets/images/building.png ... 
2026-01-15 05:09:49 +0000  5822 bytes for ./Payload/FatimaMill.app/assets/src/assets/images/building.png
2026-01-15 05:09:49 +0000  copying file ./Payload/FatimaMill.app/Info.plist ... 
2026-01-15 05:09:49 +0000  1768 bytes for ./Payload/FatimaMill.app/Info.plist
2026-01-15 05:09:49 +0000  copying file ./Payload/FatimaMill.app/RNCAsyncStorage_resources.bundle/PrivacyInfo.xcprivacy ... 
2026-01-15 05:09:49 +0000  512 bytes for ./Payload/FatimaMill.app/RNCAsyncStorage_resources.bundle/PrivacyInfo.xcprivacy
2026-01-15 05:09:49 +0000  copying file ./Payload/FatimaMill.app/RNCAsyncStorage_resources.bundle/Info.plist ... 
2026-01-15 05:09:49 +0000  795 bytes for ./Payload/FatimaMill.app/RNCAsyncStorage_resources.bundle/Info.plist
2026-01-15 05:09:49 +0000  copying file ./Payload/FatimaMill.app/PkgInfo ... 
2026-01-15 05:09:49 +0000  8 bytes for ./Payload/FatimaMill.app/PkgInfo
2026-01-15 05:09:49 +0000  copying file ./Payload/FatimaMill.app/MaterialIcons.ttf ... 
2026-01-15 05:09:49 +0000  356840 bytes for ./Payload/FatimaMill.app/MaterialIcons.ttf
2026-01-15 05:09:49 +0000  copying file ./Payload/FatimaMill.app/React-Core_privacy.bundle/PrivacyInfo.xcprivacy ... 
768 bytes for ./Payload/FatimaMill.app/React-Core_privacy.bundle/PrivacyInfo.xcprivacy
2026-01-15 05:09:49 +0000  copying file ./Payload/FatimaMill.app/React-Core_privacy.bundle/Info.plist ... 
2026-01-15 05:09:49 +0000  782 bytes for ./Payload/FatimaMill.app/React-Core_privacy.bundle/Info.plist
2026-01-15 05:09:49 +0000  /usr/bin/ditto exited with 0
2026-01-15 05:09:49 +0000  Processing step: IDEDistributionAppStoreInformationStep
2026-01-15 05:09:49 +0000  Skipping step: IDEDistributionAppStoreInformationStep because it said so
2026-01-15 05:09:49 +0000  Processing step: IDEDistributionGenerateProcessedDistributionItems
2026-01-15 05:09:49 +0000  IDEDistributionItem init <DVTFilePath:0xbd22b8000:'/var/folders/k6/6z8ghj314nq6l56zfqgckfs80000gn/T/XcodeDistPipeline.~~~c2bEFl/Root/Payload/FatimaMill.app'>
2026-01-15 05:09:49 +0000  Processing step: IDEDistributionCreateManifestStep
